2020-06-28 08:25:10 Notice: Notice (8): Undefined variable: user in [C:\xampp\htdocs\cakephp4-basic-auth\templates\Users\add.php, line 16]
Request URL: /users/add
Referer URL: http://localhost:8765/users/login?redirect=%2F
Trace:
Cake\Error\BaseErrorHandler::handleError() - CORE\src\Error\BaseErrorHandler.php, line 188
DebugKit\Plugin::DebugKit\{closure}() - ROOT\vendor\cakephp\debug_kit\src\Plugin.php, line 105
include - ROOT\templates\Users\add.php, line 16
Cake\View\View::_evaluate() - CORE\src\View\View.php, line 1160
Cake\View\View::_render() - CORE\src\View\View.php, line 1121
Cake\View\View::render() - CORE\src\View\View.php, line 751
Cake\Controller\Controller::render() - CORE\src\Controller\Controller.php, line 688
Cake\Controller\Controller::invokeAction() - CORE\src\Controller\Controller.php, line 530
Cake\Controller\ControllerFactory::invoke() - CORE\src\Controller\ControllerFactory.php, line 79
Cake\Http\BaseApplication::handle() - CORE\src\Http\BaseApplication.php, line 229
Cake\Http\Runner::handle() - CORE\src\Http\Runner.php, line 77
Authentication\Middleware\AuthenticationMiddleware::process() - ROOT\vendor\cakephp\authentication\src\Middleware\AuthenticationMiddleware.php, line 124
Cake\Http\Runner::handle() - CORE\src\Http\Runner.php, line 73
Cake\Routing\Middleware\RoutingMiddleware::process() - CORE\src\Routing\Middleware\RoutingMiddleware.php, line 160
Cake\Http\Runner::handle() - CORE\src\Http\Runner.php, line 73
DebugKit\Middleware\DebugKitMiddleware::process() - ROOT\vendor\cakephp\debug_kit\src\Middleware\DebugKitMiddleware.php, line 60
Cake\Http\Runner::handle() - CORE\src\Http\Runner.php, line 73
Cake\Http\Runner::run() - CORE\src\Http\Runner.php, line 58
Cake\Http\Server::run() - CORE\src\Http\Server.php, line 90
[main] - ROOT\webroot\index.php, line 40



2020-06-28 09:24:44 Notice: Notice (8): Undefined variable: user in [C:\xampp\htdocs\cakephp4-basic-auth\templates\Users\add.php, line 16]
Request URL: /users/add
Referer URL: http://localhost:8765/users/login?redirect=%2F
Trace:
Cake\Error\BaseErrorHandler::handleError() - CORE\src\Error\BaseErrorHandler.php, line 188
DebugKit\Plugin::DebugKit\{closure}() - ROOT\vendor\cakephp\debug_kit\src\Plugin.php, line 105
include - ROOT\templates\Users\add.php, line 16
Cake\View\View::_evaluate() - CORE\src\View\View.php, line 1160
Cake\View\View::_render() - CORE\src\View\View.php, line 1121
Cake\View\View::render() - CORE\src\View\View.php, line 751
Cake\Controller\Controller::render() - CORE\src\Controller\Controller.php, line 688
Cake\Controller\Controller::invokeAction() - CORE\src\Controller\Controller.php, line 530
Cake\Controller\ControllerFactory::invoke() - CORE\src\Controller\ControllerFactory.php, line 79
Cake\Http\BaseApplication::handle() - CORE\src\Http\BaseApplication.php, line 229
Cake\Http\Runner::handle() - CORE\src\Http\Runner.php, line 77
Authentication\Middleware\AuthenticationMiddleware::process() - ROOT\vendor\cakephp\authentication\src\Middleware\AuthenticationMiddleware.php, line 124
Cake\Http\Runner::handle() - CORE\src\Http\Runner.php, line 73
Cake\Routing\Middleware\RoutingMiddleware::process() - CORE\src\Routing\Middleware\RoutingMiddleware.php, line 160
Cake\Http\Runner::handle() - CORE\src\Http\Runner.php, line 73
DebugKit\Middleware\DebugKitMiddleware::process() - ROOT\vendor\cakephp\debug_kit\src\Middleware\DebugKitMiddleware.php, line 60
Cake\Http\Runner::handle() - CORE\src\Http\Runner.php, line 73
Cake\Http\Runner::run() - CORE\src\Http\Runner.php, line 58
Cake\Http\Server::run() - CORE\src\Http\Server.php, line 90
[main] - ROOT\webroot\index.php, line 40



2020-06-28 09:30:25 Notice: Notice (8): Undefined variable: user in [C:\xampp\htdocs\cakephp4-basic-auth\templates\Users\add.php, line 16]
Request URL: /users/add
Referer URL: http://localhost:8765/users/login?redirect=%2F
Trace:
Cake\Error\BaseErrorHandler::handleError() - CORE\src\Error\BaseErrorHandler.php, line 188
DebugKit\Plugin::DebugKit\{closure}() - ROOT\vendor\cakephp\debug_kit\src\Plugin.php, line 105
include - ROOT\templates\Users\add.php, line 16
Cake\View\View::_evaluate() - CORE\src\View\View.php, line 1160
Cake\View\View::_render() - CORE\src\View\View.php, line 1121
Cake\View\View::render() - CORE\src\View\View.php, line 751
Cake\Controller\Controller::render() - CORE\src\Controller\Controller.php, line 688
Cake\Controller\Controller::invokeAction() - CORE\src\Controller\Controller.php, line 530
Cake\Controller\ControllerFactory::invoke() - CORE\src\Controller\ControllerFactory.php, line 79
Cake\Http\BaseApplication::handle() - CORE\src\Http\BaseApplication.php, line 229
Cake\Http\Runner::handle() - CORE\src\Http\Runner.php, line 77
Authentication\Middleware\AuthenticationMiddleware::process() - ROOT\vendor\cakephp\authentication\src\Middleware\AuthenticationMiddleware.php, line 124
Cake\Http\Runner::handle() - CORE\src\Http\Runner.php, line 73
Cake\Routing\Middleware\RoutingMiddleware::process() - CORE\src\Routing\Middleware\RoutingMiddleware.php, line 160
Cake\Http\Runner::handle() - CORE\src\Http\Runner.php, line 73
DebugKit\Middleware\DebugKitMiddleware::process() - ROOT\vendor\cakephp\debug_kit\src\Middleware\DebugKitMiddleware.php, line 60
Cake\Http\Runner::handle() - CORE\src\Http\Runner.php, line 73
Cake\Http\Runner::run() - CORE\src\Http\Runner.php, line 58
Cake\Http\Server::run() - CORE\src\Http\Server.php, line 90
[main] - ROOT\webroot\index.php, line 40



2020-06-28 09:32:42 Notice: Notice (8): Undefined variable: user in [C:\xampp\htdocs\cakephp4-basic-auth\templates\Users\add.php, line 16]
Request URL: /users/add
Referer URL: http://localhost:8765/users/login?redirect=%2F
Trace:
Cake\Error\BaseErrorHandler::handleError() - CORE\src\Error\BaseErrorHandler.php, line 188
DebugKit\Plugin::DebugKit\{closure}() - ROOT\vendor\cakephp\debug_kit\src\Plugin.php, line 105
include - ROOT\templates\Users\add.php, line 16
Cake\View\View::_evaluate() - CORE\src\View\View.php, line 1160
Cake\View\View::_render() - CORE\src\View\View.php, line 1121
Cake\View\View::render() - CORE\src\View\View.php, line 751
Cake\Controller\Controller::render() - CORE\src\Controller\Controller.php, line 688
Cake\Controller\Controller::invokeAction() - CORE\src\Controller\Controller.php, line 530
Cake\Controller\ControllerFactory::invoke() - CORE\src\Controller\ControllerFactory.php, line 79
Cake\Http\BaseApplication::handle() - CORE\src\Http\BaseApplication.php, line 229
Cake\Http\Runner::handle() - CORE\src\Http\Runner.php, line 77
Authentication\Middleware\AuthenticationMiddleware::process() - ROOT\vendor\cakephp\authentication\src\Middleware\AuthenticationMiddleware.php, line 124
Cake\Http\Runner::handle() - CORE\src\Http\Runner.php, line 73
Cake\Routing\Middleware\RoutingMiddleware::process() - CORE\src\Routing\Middleware\RoutingMiddleware.php, line 160
Cake\Http\Runner::handle() - CORE\src\Http\Runner.php, line 73
DebugKit\Middleware\DebugKitMiddleware::process() - ROOT\vendor\cakephp\debug_kit\src\Middleware\DebugKitMiddleware.php, line 60
Cake\Http\Runner::handle() - CORE\src\Http\Runner.php, line 73
Cake\Http\Runner::run() - CORE\src\Http\Runner.php, line 58
Cake\Http\Server::run() - CORE\src\Http\Server.php, line 90
[main] - ROOT\webroot\index.php, line 40



2020-06-28 09:34:33 Notice: Notice (8): Undefined variable: user in [C:\xampp\htdocs\cakephp4-basic-auth\templates\Users\add.php, line 16]
Request URL: /users/add
Referer URL: http://localhost:8765/users/login?redirect=%2F
Trace:
Cake\Error\BaseErrorHandler::handleError() - CORE\src\Error\BaseErrorHandler.php, line 188
DebugKit\Plugin::DebugKit\{closure}() - ROOT\vendor\cakephp\debug_kit\src\Plugin.php, line 105
include - ROOT\templates\Users\add.php, line 16
Cake\View\View::_evaluate() - CORE\src\View\View.php, line 1160
Cake\View\View::_render() - CORE\src\View\View.php, line 1121
Cake\View\View::render() - CORE\src\View\View.php, line 751
Cake\Controller\Controller::render() - CORE\src\Controller\Controller.php, line 688
Cake\Controller\Controller::invokeAction() - CORE\src\Controller\Controller.php, line 530
Cake\Controller\ControllerFactory::invoke() - CORE\src\Controller\ControllerFactory.php, line 79
Cake\Http\BaseApplication::handle() - CORE\src\Http\BaseApplication.php, line 229
Cake\Http\Runner::handle() - CORE\src\Http\Runner.php, line 77
Authentication\Middleware\AuthenticationMiddleware::process() - ROOT\vendor\cakephp\authentication\src\Middleware\AuthenticationMiddleware.php, line 124
Cake\Http\Runner::handle() - CORE\src\Http\Runner.php, line 73
Cake\Routing\Middleware\RoutingMiddleware::process() - CORE\src\Routing\Middleware\RoutingMiddleware.php, line 160
Cake\Http\Runner::handle() - CORE\src\Http\Runner.php, line 73
DebugKit\Middleware\DebugKitMiddleware::process() - ROOT\vendor\cakephp\debug_kit\src\Middleware\DebugKitMiddleware.php, line 60
Cake\Http\Runner::handle() - CORE\src\Http\Runner.php, line 73
Cake\Http\Runner::run() - CORE\src\Http\Runner.php, line 58
Cake\Http\Server::run() - CORE\src\Http\Server.php, line 90
[main] - ROOT\webroot\index.php, line 40



2020-06-28 09:34:39 Notice: Notice (8): Undefined variable: user in [C:\xampp\htdocs\cakephp4-basic-auth\templates\Users\add.php, line 16]
Request URL: /users/add
Referer URL: http://localhost:8765/users/login?redirect=%2F
Trace:
Cake\Error\BaseErrorHandler::handleError() - CORE\src\Error\BaseErrorHandler.php, line 188
DebugKit\Plugin::DebugKit\{closure}() - ROOT\vendor\cakephp\debug_kit\src\Plugin.php, line 105
include - ROOT\templates\Users\add.php, line 16
Cake\View\View::_evaluate() - CORE\src\View\View.php, line 1160
Cake\View\View::_render() - CORE\src\View\View.php, line 1121
Cake\View\View::render() - CORE\src\View\View.php, line 751
Cake\Controller\Controller::render() - CORE\src\Controller\Controller.php, line 688
Cake\Controller\Controller::invokeAction() - CORE\src\Controller\Controller.php, line 530
Cake\Controller\ControllerFactory::invoke() - CORE\src\Controller\ControllerFactory.php, line 79
Cake\Http\BaseApplication::handle() - CORE\src\Http\BaseApplication.php, line 229
Cake\Http\Runner::handle() - CORE\src\Http\Runner.php, line 77
Authentication\Middleware\AuthenticationMiddleware::process() - ROOT\vendor\cakephp\authentication\src\Middleware\AuthenticationMiddleware.php, line 124
Cake\Http\Runner::handle() - CORE\src\Http\Runner.php, line 73
Cake\Routing\Middleware\RoutingMiddleware::process() - CORE\src\Routing\Middleware\RoutingMiddleware.php, line 160
Cake\Http\Runner::handle() - CORE\src\Http\Runner.php, line 73
DebugKit\Middleware\DebugKitMiddleware::process() - ROOT\vendor\cakephp\debug_kit\src\Middleware\DebugKitMiddleware.php, line 60
Cake\Http\Runner::handle() - CORE\src\Http\Runner.php, line 73
Cake\Http\Runner::run() - CORE\src\Http\Runner.php, line 58
Cake\Http\Server::run() - CORE\src\Http\Server.php, line 90
[main] - ROOT\webroot\index.php, line 40



2020-06-28 09:34:41 Notice: Notice (8): Undefined variable: user in [C:\xampp\htdocs\cakephp4-basic-auth\templates\Users\add.php, line 16]
Request URL: /users/add
Referer URL: http://localhost:8765/users/login?redirect=%2F
Trace:
Cake\Error\BaseErrorHandler::handleError() - CORE\src\Error\BaseErrorHandler.php, line 188
DebugKit\Plugin::DebugKit\{closure}() - ROOT\vendor\cakephp\debug_kit\src\Plugin.php, line 105
include - ROOT\templates\Users\add.php, line 16
Cake\View\View::_evaluate() - CORE\src\View\View.php, line 1160
Cake\View\View::_render() - CORE\src\View\View.php, line 1121
Cake\View\View::render() - CORE\src\View\View.php, line 751
Cake\Controller\Controller::render() - CORE\src\Controller\Controller.php, line 688
Cake\Controller\Controller::invokeAction() - CORE\src\Controller\Controller.php, line 530
Cake\Controller\ControllerFactory::invoke() - CORE\src\Controller\ControllerFactory.php, line 79
Cake\Http\BaseApplication::handle() - CORE\src\Http\BaseApplication.php, line 229
Cake\Http\Runner::handle() - CORE\src\Http\Runner.php, line 77
Authentication\Middleware\AuthenticationMiddleware::process() - ROOT\vendor\cakephp\authentication\src\Middleware\AuthenticationMiddleware.php, line 124
Cake\Http\Runner::handle() - CORE\src\Http\Runner.php, line 73
Cake\Routing\Middleware\RoutingMiddleware::process() - CORE\src\Routing\Middleware\RoutingMiddleware.php, line 160
Cake\Http\Runner::handle() - CORE\src\Http\Runner.php, line 73
DebugKit\Middleware\DebugKitMiddleware::process() - ROOT\vendor\cakephp\debug_kit\src\Middleware\DebugKitMiddleware.php, line 60
Cake\Http\Runner::handle() - CORE\src\Http\Runner.php, line 73
Cake\Http\Runner::run() - CORE\src\Http\Runner.php, line 58
Cake\Http\Server::run() - CORE\src\Http\Server.php, line 90
[main] - ROOT\webroot\index.php, line 40



2020-06-28 09:35:52 Notice: Notice (8): Undefined variable: user in [C:\xampp\htdocs\cakephp4-basic-auth\templates\Users\add.php, line 16]
Request URL: /users/add
Referer URL: http://localhost:8765/users/login?redirect=%2F
Trace:
Cake\Error\BaseErrorHandler::handleError() - CORE\src\Error\BaseErrorHandler.php, line 188
DebugKit\Plugin::DebugKit\{closure}() - ROOT\vendor\cakephp\debug_kit\src\Plugin.php, line 105
include - ROOT\templates\Users\add.php, line 16
Cake\View\View::_evaluate() - CORE\src\View\View.php, line 1160
Cake\View\View::_render() - CORE\src\View\View.php, line 1121
Cake\View\View::render() - CORE\src\View\View.php, line 751
Cake\Controller\Controller::render() - CORE\src\Controller\Controller.php, line 688
Cake\Controller\Controller::invokeAction() - CORE\src\Controller\Controller.php, line 530
Cake\Controller\ControllerFactory::invoke() - CORE\src\Controller\ControllerFactory.php, line 79
Cake\Http\BaseApplication::handle() - CORE\src\Http\BaseApplication.php, line 229
Cake\Http\Runner::handle() - CORE\src\Http\Runner.php, line 77
Authentication\Middleware\AuthenticationMiddleware::process() - ROOT\vendor\cakephp\authentication\src\Middleware\AuthenticationMiddleware.php, line 124
Cake\Http\Runner::handle() - CORE\src\Http\Runner.php, line 73
Cake\Routing\Middleware\RoutingMiddleware::process() - CORE\src\Routing\Middleware\RoutingMiddleware.php, line 160
Cake\Http\Runner::handle() - CORE\src\Http\Runner.php, line 73
DebugKit\Middleware\DebugKitMiddleware::process() - ROOT\vendor\cakephp\debug_kit\src\Middleware\DebugKitMiddleware.php, line 60
Cake\Http\Runner::handle() - CORE\src\Http\Runner.php, line 73
Cake\Http\Runner::run() - CORE\src\Http\Runner.php, line 58
Cake\Http\Server::run() - CORE\src\Http\Server.php, line 90
[main] - ROOT\webroot\index.php, line 40



2020-06-28 09:38:28 Notice: Notice (8): Undefined variable: user in [C:\xampp\htdocs\cakephp4-basic-auth\templates\Users\add.php, line 16]
Request URL: /users/add
Referer URL: http://localhost:8765/users/login?redirect=%2F
Trace:
Cake\Error\BaseErrorHandler::handleError() - CORE\src\Error\BaseErrorHandler.php, line 188
DebugKit\Plugin::DebugKit\{closure}() - ROOT\vendor\cakephp\debug_kit\src\Plugin.php, line 105
include - ROOT\templates\Users\add.php, line 16
Cake\View\View::_evaluate() - CORE\src\View\View.php, line 1160
Cake\View\View::_render() - CORE\src\View\View.php, line 1121
Cake\View\View::render() - CORE\src\View\View.php, line 751
Cake\Controller\Controller::render() - CORE\src\Controller\Controller.php, line 688
Cake\Controller\Controller::invokeAction() - CORE\src\Controller\Controller.php, line 530
Cake\Controller\ControllerFactory::invoke() - CORE\src\Controller\ControllerFactory.php, line 79
Cake\Http\BaseApplication::handle() - CORE\src\Http\BaseApplication.php, line 229
Cake\Http\Runner::handle() - CORE\src\Http\Runner.php, line 77
Authentication\Middleware\AuthenticationMiddleware::process() - ROOT\vendor\cakephp\authentication\src\Middleware\AuthenticationMiddleware.php, line 124
Cake\Http\Runner::handle() - CORE\src\Http\Runner.php, line 73
Cake\Routing\Middleware\RoutingMiddleware::process() - CORE\src\Routing\Middleware\RoutingMiddleware.php, line 160
Cake\Http\Runner::handle() - CORE\src\Http\Runner.php, line 73
DebugKit\Middleware\DebugKitMiddleware::process() - ROOT\vendor\cakephp\debug_kit\src\Middleware\DebugKitMiddleware.php, line 60
Cake\Http\Runner::handle() - CORE\src\Http\Runner.php, line 73
Cake\Http\Runner::run() - CORE\src\Http\Runner.php, line 58
Cake\Http\Server::run() - CORE\src\Http\Server.php, line 90
[main] - ROOT\webroot\index.php, line 40



2020-06-28 09:38:33 Notice: Notice (8): Undefined variable: user in [C:\xampp\htdocs\cakephp4-basic-auth\templates\Users\add.php, line 16]
Request URL: /users/add
Referer URL: http://localhost:8765/users/login?redirect=%2F
Trace:
Cake\Error\BaseErrorHandler::handleError() - CORE\src\Error\BaseErrorHandler.php, line 188
DebugKit\Plugin::DebugKit\{closure}() - ROOT\vendor\cakephp\debug_kit\src\Plugin.php, line 105
include - ROOT\templates\Users\add.php, line 16
Cake\View\View::_evaluate() - CORE\src\View\View.php, line 1160
Cake\View\View::_render() - CORE\src\View\View.php, line 1121
Cake\View\View::render() - CORE\src\View\View.php, line 751
Cake\Controller\Controller::render() - CORE\src\Controller\Controller.php, line 688
Cake\Controller\Controller::invokeAction() - CORE\src\Controller\Controller.php, line 530
Cake\Controller\ControllerFactory::invoke() - CORE\src\Controller\ControllerFactory.php, line 79
Cake\Http\BaseApplication::handle() - CORE\src\Http\BaseApplication.php, line 229
Cake\Http\Runner::handle() - CORE\src\Http\Runner.php, line 77
Authentication\Middleware\AuthenticationMiddleware::process() - ROOT\vendor\cakephp\authentication\src\Middleware\AuthenticationMiddleware.php, line 124
Cake\Http\Runner::handle() - CORE\src\Http\Runner.php, line 73
Cake\Routing\Middleware\RoutingMiddleware::process() - CORE\src\Routing\Middleware\RoutingMiddleware.php, line 160
Cake\Http\Runner::handle() - CORE\src\Http\Runner.php, line 73
DebugKit\Middleware\DebugKitMiddleware::process() - ROOT\vendor\cakephp\debug_kit\src\Middleware\DebugKitMiddleware.php, line 60
Cake\Http\Runner::handle() - CORE\src\Http\Runner.php, line 73
Cake\Http\Runner::run() - CORE\src\Http\Runner.php, line 58
Cake\Http\Server::run() - CORE\src\Http\Server.php, line 90
[main] - ROOT\webroot\index.php, line 40



2020-06-28 09:47:52 Notice: Notice (8): Undefined variable: user in [C:\xampp\htdocs\cakephp4-basic-auth\templates\Users\add.php, line 16]
Request URL: /users/add
Referer URL: http://localhost:8765/users/login?redirect=%2F
Trace:
Cake\Error\BaseErrorHandler::handleError() - CORE\src\Error\BaseErrorHandler.php, line 188
DebugKit\Plugin::DebugKit\{closure}() - ROOT\vendor\cakephp\debug_kit\src\Plugin.php, line 105
include - ROOT\templates\Users\add.php, line 16
Cake\View\View::_evaluate() - CORE\src\View\View.php, line 1160
Cake\View\View::_render() - CORE\src\View\View.php, line 1121
Cake\View\View::render() - CORE\src\View\View.php, line 751
Cake\Controller\Controller::render() - CORE\src\Controller\Controller.php, line 688
Cake\Controller\Controller::invokeAction() - CORE\src\Controller\Controller.php, line 530
Cake\Controller\ControllerFactory::invoke() - CORE\src\Controller\ControllerFactory.php, line 79
Cake\Http\BaseApplication::handle() - CORE\src\Http\BaseApplication.php, line 229
Cake\Http\Runner::handle() - CORE\src\Http\Runner.php, line 77
Authentication\Middleware\AuthenticationMiddleware::process() - ROOT\vendor\cakephp\authentication\src\Middleware\AuthenticationMiddleware.php, line 124
Cake\Http\Runner::handle() - CORE\src\Http\Runner.php, line 73
Cake\Routing\Middleware\RoutingMiddleware::process() - CORE\src\Routing\Middleware\RoutingMiddleware.php, line 160
Cake\Http\Runner::handle() - CORE\src\Http\Runner.php, line 73
DebugKit\Middleware\DebugKitMiddleware::process() - ROOT\vendor\cakephp\debug_kit\src\Middleware\DebugKitMiddleware.php, line 60
Cake\Http\Runner::handle() - CORE\src\Http\Runner.php, line 73
Cake\Http\Runner::run() - CORE\src\Http\Runner.php, line 58
Cake\Http\Server::run() - CORE\src\Http\Server.php, line 90
[main] - ROOT\webroot\index.php, line 40



2020-06-28 09:50:48 Notice: Notice (8): Undefined variable: user in [C:\xampp\htdocs\cakephp4-basic-auth\templates\Users\add.php, line 16]
Request URL: /users/add
Referer URL: http://localhost:8765/users/login?redirect=%2F
Trace:
Cake\Error\BaseErrorHandler::handleError() - CORE\src\Error\BaseErrorHandler.php, line 188
DebugKit\Plugin::DebugKit\{closure}() - ROOT\vendor\cakephp\debug_kit\src\Plugin.php, line 105
include - ROOT\templates\Users\add.php, line 16
Cake\View\View::_evaluate() - CORE\src\View\View.php, line 1160
Cake\View\View::_render() - CORE\src\View\View.php, line 1121
Cake\View\View::render() - CORE\src\View\View.php, line 751
Cake\Controller\Controller::render() - CORE\src\Controller\Controller.php, line 688
Cake\Controller\Controller::invokeAction() - CORE\src\Controller\Controller.php, line 530
Cake\Controller\ControllerFactory::invoke() - CORE\src\Controller\ControllerFactory.php, line 79
Cake\Http\BaseApplication::handle() - CORE\src\Http\BaseApplication.php, line 229
Cake\Http\Runner::handle() - CORE\src\Http\Runner.php, line 77
Authentication\Middleware\AuthenticationMiddleware::process() - ROOT\vendor\cakephp\authentication\src\Middleware\AuthenticationMiddleware.php, line 124
Cake\Http\Runner::handle() - CORE\src\Http\Runner.php, line 73
Cake\Routing\Middleware\RoutingMiddleware::process() - CORE\src\Routing\Middleware\RoutingMiddleware.php, line 160
Cake\Http\Runner::handle() - CORE\src\Http\Runner.php, line 73
DebugKit\Middleware\DebugKitMiddleware::process() - ROOT\vendor\cakephp\debug_kit\src\Middleware\DebugKitMiddleware.php, line 60
Cake\Http\Runner::handle() - CORE\src\Http\Runner.php, line 73
Cake\Http\Runner::run() - CORE\src\Http\Runner.php, line 58
Cake\Http\Server::run() - CORE\src\Http\Server.php, line 90
[main] - ROOT\webroot\index.php, line 40



2020-06-28 09:52:23 Notice: Notice (8): Undefined variable: user in [C:\xampp\htdocs\cakephp4-basic-auth\templates\Users\add.php, line 16]
Request URL: /users/add
Referer URL: http://localhost:8765/users/login?redirect=%2F
Trace:
Cake\Error\BaseErrorHandler::handleError() - CORE\src\Error\BaseErrorHandler.php, line 188
DebugKit\Plugin::DebugKit\{closure}() - ROOT\vendor\cakephp\debug_kit\src\Plugin.php, line 105
include - ROOT\templates\Users\add.php, line 16
Cake\View\View::_evaluate() - CORE\src\View\View.php, line 1160
Cake\View\View::_render() - CORE\src\View\View.php, line 1121
Cake\View\View::render() - CORE\src\View\View.php, line 751
Cake\Controller\Controller::render() - CORE\src\Controller\Controller.php, line 688
Cake\Controller\Controller::invokeAction() - CORE\src\Controller\Controller.php, line 530
Cake\Controller\ControllerFactory::invoke() - CORE\src\Controller\ControllerFactory.php, line 79
Cake\Http\BaseApplication::handle() - CORE\src\Http\BaseApplication.php, line 229
Cake\Http\Runner::handle() - CORE\src\Http\Runner.php, line 77
Authentication\Middleware\AuthenticationMiddleware::process() - ROOT\vendor\cakephp\authentication\src\Middleware\AuthenticationMiddleware.php, line 124
Cake\Http\Runner::handle() - CORE\src\Http\Runner.php, line 73
Cake\Routing\Middleware\RoutingMiddleware::process() - CORE\src\Routing\Middleware\RoutingMiddleware.php, line 160
Cake\Http\Runner::handle() - CORE\src\Http\Runner.php, line 73
DebugKit\Middleware\DebugKitMiddleware::process() - ROOT\vendor\cakephp\debug_kit\src\Middleware\DebugKitMiddleware.php, line 60
Cake\Http\Runner::handle() - CORE\src\Http\Runner.php, line 73
Cake\Http\Runner::run() - CORE\src\Http\Runner.php, line 58
Cake\Http\Server::run() - CORE\src\Http\Server.php, line 90
[main] - ROOT\webroot\index.php, line 40



2020-06-28 10:55:36 Notice: Notice (8): Undefined variable: user in [C:\xampp\htdocs\cakephp4-basic-auth\templates\Users\add.php, line 16]
Request URL: /users/add
Referer URL: http://localhost:8765/users/login?redirect=%2F
Trace:
Cake\Error\BaseErrorHandler::handleError() - CORE\src\Error\BaseErrorHandler.php, line 188
DebugKit\Plugin::DebugKit\{closure}() - ROOT\vendor\cakephp\debug_kit\src\Plugin.php, line 105
include - ROOT\templates\Users\add.php, line 16
Cake\View\View::_evaluate() - CORE\src\View\View.php, line 1160
Cake\View\View::_render() - CORE\src\View\View.php, line 1121
Cake\View\View::render() - CORE\src\View\View.php, line 751
Cake\Controller\Controller::render() - CORE\src\Controller\Controller.php, line 688
Cake\Controller\Controller::invokeAction() - CORE\src\Controller\Controller.php, line 530
Cake\Controller\ControllerFactory::invoke() - CORE\src\Controller\ControllerFactory.php, line 79
Cake\Http\BaseApplication::handle() - CORE\src\Http\BaseApplication.php, line 229
Cake\Http\Runner::handle() - CORE\src\Http\Runner.php, line 77
Authentication\Middleware\AuthenticationMiddleware::process() - ROOT\vendor\cakephp\authentication\src\Middleware\AuthenticationMiddleware.php, line 124
Cake\Http\Runner::handle() - CORE\src\Http\Runner.php, line 73
Cake\Routing\Middleware\RoutingMiddleware::process() - CORE\src\Routing\Middleware\RoutingMiddleware.php, line 160
Cake\Http\Runner::handle() - CORE\src\Http\Runner.php, line 73
DebugKit\Middleware\DebugKitMiddleware::process() - ROOT\vendor\cakephp\debug_kit\src\Middleware\DebugKitMiddleware.php, line 60
Cake\Http\Runner::handle() - CORE\src\Http\Runner.php, line 73
Cake\Http\Runner::run() - CORE\src\Http\Runner.php, line 58
Cake\Http\Server::run() - CORE\src\Http\Server.php, line 90
[main] - ROOT\webroot\index.php, line 40



